#
# There is insufficient memory for the Java Runtime Environment to continue.
# Native memory allocation (malloc) failed to allocate 1136576 bytes for Chunk::new
# Possible reasons:
#   The system is out of physical RAM or swap space
#   The process is running with CompressedOops enabled, and the Java Heap may be blocking the growth of the native heap
# Possible solutions:
#   Reduce memory load on the system
#   Increase physical memory or swap space
#   Check if swap backing store is full
#   Decrease Java heap size (-Xmx/-Xms)
#   Decrease number of Java threads
#   Decrease Java thread stack sizes (-Xss)
#   Set larger code cache with -XX:ReservedCodeCacheSize=
#   JVM is running with Unscaled Compressed Oops mode in which the Java heap is
#     placed in the first 4GB address space. The Java Heap base address is the
#     maximum limit for the native heap growth. Please use -XX:HeapBaseMinAddress
#     to set the Java Heap base and to place the Java Heap above 4GB virtual address.
# This output file may be truncated or incomplete.
#
#  Out of Memory Error (allocation.cpp:389), pid=25068, tid=0x00000000000050dc
#
# JRE version: OpenJDK Runtime Environment (8.0_202-b03) (build 1.8.0_202-release-1483-b03)
# Java VM: OpenJDK 64-Bit Server VM (25.202-b03 mixed mode windows-amd64 compressed oops)
# Failed to write core dump. Minidumps are not enabled by default on client versions of Windows
#

---------------  T H R E A D  ---------------

Current thread (0x00000000143fe000):  JavaThread "C2 CompilerThread0" daemon [_thread_in_native, id=20700, stack(0x0000000015a60000,0x0000000015b60000)]

Stack: [0x0000000015a60000,0x0000000015b60000]
[error occurred during error reporting (printing stack bounds), id 0xc0000005]

Native frames: (J=compiled Java code, j=interpreted, Vv=VM code, C=native code)


Current CompileTask:
C2:   9482 3099   !   4       java.net.URLClassLoader$1::run (63 bytes)


---------------  P R O C E S S  ---------------

Java Threads: ( => current thread )
  0x000000001a446000 JavaThread "Build operations Thread 4" [_thread_blocked, id=17656, stack(0x000000001fc00000,0x000000001fd00000)]
  0x000000001a44c000 JavaThread "Build operations Thread 3" [_thread_blocked, id=18272, stack(0x000000001fb00000,0x000000001fc00000)]
  0x000000001a448800 JavaThread "Build operations Thread 2" [_thread_blocked, id=18000, stack(0x000000001fa00000,0x000000001fb00000)]
  0x000000001a44a000 JavaThread "Build operations" [_thread_blocked, id=19900, stack(0x000000001f4e0000,0x000000001f5e0000)]
  0x000000001a447800 JavaThread "Cache worker for execution history cache (C:\Users\Abbate - FTC 16145\.gradle\caches\5.1.1\executionHistory)" [_thread_blocked, id=17484, stack(0x000000001f050000,0x000000001f150000)]
  0x000000001a44d000 JavaThread "Cache worker for cache directory md-rule (C:\Users\Abbate - FTC 16145\.gradle\caches\5.1.1\md-rule)" [_thread_blocked, id=21492, stack(0x000000001c720000,0x000000001c820000)]
  0x000000001a44b800 JavaThread "Cache worker for cache directory md-supplier (C:\Users\Abbate - FTC 16145\.gradle\caches\5.1.1\md-supplier)" [_thread_blocked, id=1888, stack(0x000000001cad0000,0x000000001cbd0000)]
  0x0000000017a64000 JavaThread "Cache worker for file hash cache (C:\Users\Abbate - FTC 16145\Desktop\SkyStone-master\.gradle\5.1.1\fileHashes)" [_thread_blocked, id=5124, stack(0x000000001c8d0000,0x000000001c9d0000)]
  0x0000000017a67000 JavaThread "Cache worker for journal cache (C:\Users\Abbate - FTC 16145\.gradle\caches\journal-1)" [_thread_blocked, id=12992, stack(0x0000000019e80000,0x0000000019f80000)]
  0x0000000017a5f000 JavaThread "File lock request listener" [_thread_in_native, id=23360, stack(0x0000000019d80000,0x0000000019e80000)]
  0x0000000017863800 JavaThread "Cache worker for file hash cache (C:\Users\Abbate - FTC 16145\.gradle\caches\5.1.1\fileHashes)" [_thread_blocked, id=23900, stack(0x0000000019c80000,0x0000000019d80000)]
  0x0000000017867800 JavaThread "Thread-8" [_thread_blocked, id=16852, stack(0x0000000018bb0000,0x0000000018cb0000)]
  0x0000000015e10000 JavaThread "Stdin handler" [_thread_blocked, id=10164, stack(0x0000000018ab0000,0x0000000018bb0000)]
  0x0000000015e0d000 JavaThread "Asynchronous log dispatcher for DefaultDaemonConnection: socket connection from /127.0.0.1:64983 to /127.0.0.1:64984" [_thread_blocked, id=17060, stack(0x00000000189b0000,0x0000000018ab0000)]
  0x0000000016648000 JavaThread "Daemon worker" [_thread_in_vm, id=16768, stack(0x00000000188b0000,0x00000000189b0000)]
  0x00000000165a7800 JavaThread "Cancel handler" [_thread_blocked, id=24764, stack(0x00000000187b0000,0x00000000188b0000)]
  0x000000001651d800 JavaThread "Handler for socket connection from /127.0.0.1:64983 to /127.0.0.1:64984" [_thread_in_native, id=11644, stack(0x00000000184b0000,0x00000000185b0000)]
  0x000000001651a000 JavaThread "Daemon" [_thread_blocked, id=24412, stack(0x00000000183b0000,0x00000000184b0000)]
  0x0000000016507000 JavaThread "Daemon periodic checks" [_thread_blocked, id=25004, stack(0x00000000182b0000,0x00000000183b0000)]
  0x0000000016b93000 JavaThread "Incoming local TCP Connector on port 64983" [_thread_in_native, id=8724, stack(0x0000000018070000,0x0000000018170000)]
  0x0000000015d86800 JavaThread "Service Thread" daemon [_thread_blocked, id=19836, stack(0x0000000016160000,0x0000000016260000)]
  0x0000000014412000 JavaThread "C1 CompilerThread2" daemon [_thread_blocked, id=21032, stack(0x0000000015c60000,0x0000000015d60000)]
  0x0000000014404000 JavaThread "C2 CompilerThread1" daemon [_thread_in_native, id=17184, stack(0x0000000015b60000,0x0000000015c60000)]
=>0x00000000143fe000 JavaThread "C2 CompilerThread0" daemon [_thread_in_native, id=20700, stack(0x0000000015a60000,0x0000000015b60000)]
  0x00000000143fc800 JavaThread "Attach Listener" daemon [_thread_blocked, id=19940, stack(0x0000000015960000,0x0000000015a60000)]
  0x00000000143fb800 JavaThread "Signal Dispatcher" daemon [_thread_blocked, id=8140, stack(0x0000000015860000,0x0000000015960000)]
  0x0000000002fab800 JavaThread "Finalizer" daemon [_thread_blocked, id=20520, stack(0x0000000015660000,0x0000000015760000)]
  0x00000000143e9000 JavaThread "Reference Handler" daemon [_thread_blocked, id=15848, stack(0x0000000015560000,0x0000000015660000)]
  0x0000000002eb2800 JavaThread "main" [_thread_blocked, id=6196, stack(0x0000000001590000,0x0000000001690000)]

Other Threads:
  0x00000000143c6000 VMThread [stack: 0x0000000015460000,0x0000000015560000] [id=24544]
  0x0000000015d87000 WatcherThread [stack: 0x0000000016260000,0x0000000016360000] [id=22984]

VM state:not at safepoint (normal execution)

VM Mutex/Monitor currently owned by a thread: None

heap address: 0x00000000e0000000, size: 512 MB, Compressed Oops mode: 32-bit
Narrow klass base: 0x0000000000000000, Narrow klass shift: 3
Compressed class space size: 1073741824 Address: 0x0000000100000000

Heap:
 PSYoungGen      total 138240K, used 52439K [0x00000000f5580000, 0x0000000100000000, 0x0000000100000000)
  eden space 133120K, 35% used [0x00000000f5580000,0x00000000f83b5d80,0x00000000fd780000)
  from space 5120K, 100% used [0x00000000fd780000,0x00000000fdc80000,0x00000000fdc80000)
  to   space 15872K, 0% used [0x00000000ff080000,0x00000000ff080000,0x0000000100000000)
 ParOldGen       total 68096K, used 18062K [0x00000000e0000000, 0x00000000e4280000, 0x00000000f5580000)
  object space 68096K, 26% used [0x00000000e0000000,0x00000000e11a38f0,0x00000000e4280000)
 Metaspace       used 34664K, capacity 35246K, committed 35416K, reserved 1079296K
  class space    used 4768K, capacity 4973K, committed 4992K, reserved 1048576K

Card table byte_map: [0x0000000012450000,0x0000000012560000] byte_map_base: 0x0000000011d50000

Marking Bits: (ParMarkBitMap*) 0x0000000074209f30
 Begin Bits: [0x0000000012960000, 0x0000000013160000)
 End Bits:   [0x0000000013160000, 0x0000000013960000)

Polling page: 0x0000000001040000

CodeCache: size=245760Kb used=10591Kb max_used=10591Kb free=235168Kb
 bounds [0x0000000003090000, 0x0000000003af0000, 0x0000000012090000]
 total_blobs=3657 nmethods=2960 adapters=610
 compilation: enabled

Compilation events (10 events):
Event: 9.436 Thread 0x0000000014412000 3123       1       java.lang.invoke.InnerClassLambdaMetafactory::access$300 (5 bytes)
Event: 9.436 Thread 0x0000000014412000 nmethod 3123 0x0000000003adfa90 code [0x0000000003adfbe0, 0x0000000003adfcd0]
Event: 9.441 Thread 0x0000000014412000 3124       3       java.util.stream.ReduceOps$3ReducingSink::accept (15 bytes)
Event: 9.441 Thread 0x0000000014412000 nmethod 3124 0x0000000003aedb90 code [0x0000000003aedd00, 0x0000000003aedf28]
Event: 9.443 Thread 0x0000000014412000 3125       3       java.util.stream.AbstractPipeline::isParallel (8 bytes)
Event: 9.443 Thread 0x0000000014412000 nmethod 3125 0x0000000003aedfd0 code [0x0000000003aee120, 0x0000000003aee290]
Event: 9.454 Thread 0x0000000014412000 3128       1       java.util.TreeMap::size (5 bytes)
Event: 9.454 Thread 0x0000000014412000 nmethod 3128 0x0000000003aee350 code [0x0000000003aee4a0, 0x0000000003aee5b0]
Event: 9.476 Thread 0x0000000014412000 3129       1       java.util.logging.LogManager::access$500 (5 bytes)
Event: 9.476 Thread 0x0000000014412000 nmethod 3129 0x0000000003aee610 code [0x0000000003aee760, 0x0000000003aee850]

GC Heap History (10 events):
Event: 1.508 GC heap before
{Heap before GC invocations=2 (full 0):
 PSYoungGen      total 38400K, used 37452K [0x00000000f5580000, 0x00000000fa080000, 0x0000000100000000)
  eden space 33280K, 100% used [0x00000000f5580000,0x00000000f7600000,0x00000000f7600000)
  from space 5120K, 81% used [0x00000000f7600000,0x00000000f7a13360,0x00000000f7b00000)
  to   space 5120K, 0% used [0x00000000f9b80000,0x00000000f9b80000,0x00000000fa080000)
 ParOldGen       total 87552K, used 8K [0x00000000e0000000, 0x00000000e5580000, 0x00000000f5580000)
  object space 87552K, 0% used [0x00000000e0000000,0x00000000e0002000,0x00000000e5580000)
 Metaspace       used 8202K, capacity 8414K, committed 8576K, reserved 1056768K
  class space    used 1036K, capacity 1109K, committed 1152K, reserved 1048576K
Event: 1.515 GC heap after
Heap after GC invocations=2 (full 0):
 PSYoungGen      total 71680K, used 4112K [0x00000000f5580000, 0x00000000fa080000, 0x0000000100000000)
  eden space 66560K, 0% used [0x00000000f5580000,0x00000000f5580000,0x00000000f9680000)
  from space 5120K, 80% used [0x00000000f9b80000,0x00000000f9f841f8,0x00000000fa080000)
  to   space 5120K, 0% used [0x00000000f9680000,0x00000000f9680000,0x00000000f9b80000)
 ParOldGen       total 87552K, used 16K [0x00000000e0000000, 0x00000000e5580000, 0x00000000f5580000)
  object space 87552K, 0% used [0x00000000e0000000,0x00000000e0004000,0x00000000e5580000)
 Metaspace       used 8202K, capacity 8414K, committed 8576K, reserved 1056768K
  class space    used 1036K, capacity 1109K, committed 1152K, reserved 1048576K
}
Event: 5.200 GC heap before
{Heap before GC invocations=3 (full 0):
 PSYoungGen      total 71680K, used 70672K [0x00000000f5580000, 0x00000000fa080000, 0x0000000100000000)
  eden space 66560K, 100% used [0x00000000f5580000,0x00000000f9680000,0x00000000f9680000)
  from space 5120K, 80% used [0x00000000f9b80000,0x00000000f9f841f8,0x00000000fa080000)
  to   space 5120K, 0% used [0x00000000f9680000,0x00000000f9680000,0x00000000f9b80000)
 ParOldGen       total 87552K, used 16K [0x00000000e0000000, 0x00000000e5580000, 0x00000000f5580000)
  object space 87552K, 0% used [0x00000000e0000000,0x00000000e0004000,0x00000000e5580000)
 Metaspace       used 15368K, capacity 15720K, committed 16000K, reserved 1062912K
  class space    used 2179K, capacity 2318K, committed 2432K, reserved 1048576K
Event: 5.221 GC heap after
Heap after GC invocations=3 (full 0):
 PSYoungGen      total 71680K, used 5088K [0x00000000f5580000, 0x00000000fe180000, 0x0000000100000000)
  eden space 66560K, 0% used [0x00000000f5580000,0x00000000f5580000,0x00000000f9680000)
  from space 5120K, 99% used [0x00000000f9680000,0x00000000f9b78020,0x00000000f9b80000)
  to   space 5120K, 0% used [0x00000000fdc80000,0x00000000fdc80000,0x00000000fe180000)
 ParOldGen       total 87552K, used 5220K [0x00000000e0000000, 0x00000000e5580000, 0x00000000f5580000)
  object space 87552K, 5% used [0x00000000e0000000,0x00000000e05193e0,0x00000000e5580000)
 Metaspace       used 15368K, capacity 15720K, committed 16000K, reserved 1062912K
  class space    used 2179K, capacity 2318K, committed 2432K, reserved 1048576K
}
Event: 6.065 GC heap before
{Heap before GC invocations=4 (full 0):
 PSYoungGen      total 71680K, used 50562K [0x00000000f5580000, 0x00000000fe180000, 0x0000000100000000)
  eden space 66560K, 68% used [0x00000000f5580000,0x00000000f81e8888,0x00000000f9680000)
  from space 5120K, 99% used [0x00000000f9680000,0x00000000f9b78020,0x00000000f9b80000)
  to   space 5120K, 0% used [0x00000000fdc80000,0x00000000fdc80000,0x00000000fe180000)
 ParOldGen       total 87552K, used 5220K [0x00000000e0000000, 0x00000000e5580000, 0x00000000f5580000)
  object space 87552K, 5% used [0x00000000e0000000,0x00000000e05193e0,0x00000000e5580000)
 Metaspace       used 20709K, capacity 21044K, committed 21248K, reserved 1067008K
  class space    used 2856K, capacity 2998K, committed 3072K, reserved 1048576K
Event: 6.077 GC heap after
Heap after GC invocations=4 (full 0):
 PSYoungGen      total 138240K, used 5108K [0x00000000f5580000, 0x00000000fe180000, 0x0000000100000000)
  eden space 133120K, 0% used [0x00000000f5580000,0x00000000f5580000,0x00000000fd780000)
  from space 5120K, 99% used [0x00000000fdc80000,0x00000000fe17d040,0x00000000fe180000)
  to   space 5120K, 0% used [0x00000000fd780000,0x00000000fd780000,0x00000000fdc80000)
 ParOldGen       total 87552K, used 10870K [0x00000000e0000000, 0x00000000e5580000, 0x00000000f5580000)
  object space 87552K, 12% used [0x00000000e0000000,0x00000000e0a9d988,0x00000000e5580000)
 Metaspace       used 20709K, capacity 21044K, committed 21248K, reserved 1067008K
  class space    used 2856K, capacity 2998K, committed 3072K, reserved 1048576K
}
Event: 6.077 GC heap before
{Heap before GC invocations=5 (full 1):
 PSYoungGen      total 138240K, used 5108K [0x00000000f5580000, 0x00000000fe180000, 0x0000000100000000)
  eden space 133120K, 0% used [0x00000000f5580000,0x00000000f5580000,0x00000000fd780000)
  from space 5120K, 99% used [0x00000000fdc80000,0x00000000fe17d040,0x00000000fe180000)
  to   space 5120K, 0% used [0x00000000fd780000,0x00000000fd780000,0x00000000fdc80000)
 ParOldGen       total 87552K, used 10870K [0x00000000e0000000, 0x00000000e5580000, 0x00000000f5580000)
  object space 87552K, 12% used [0x00000000e0000000,0x00000000e0a9d988,0x00000000e5580000)
 Metaspace       used 20709K, capacity 21044K, committed 21248K, reserved 1067008K
  class space    used 2856K, capacity 2998K, committed 3072K, reserved 1048576K
Event: 6.143 GC heap after
Heap after GC invocations=5 (full 1):
 PSYoungGen      total 138240K, used 0K [0x00000000f5580000, 0x00000000fe180000, 0x0000000100000000)
  eden space 133120K, 0% used [0x00000000f5580000,0x00000000f5580000,0x00000000fd780000)
  from space 5120K, 0% used [0x00000000fdc80000,0x00000000fdc80000,0x00000000fe180000)
  to   space 5120K, 0% used [0x00000000fd780000,0x00000000fd780000,0x00000000fdc80000)
 ParOldGen       total 68096K, used 10623K [0x00000000e0000000, 0x00000000e4280000, 0x00000000f5580000)
  object space 68096K, 15% used [0x00000000e0000000,0x00000000e0a5ff40,0x00000000e4280000)
 Metaspace       used 20709K, capacity 21044K, committed 21248K, reserved 1067008K
  class space    used 2856K, capacity 2998K, committed 3072K, reserved 1048576K
}
Event: 8.554 GC heap before
{Heap before GC invocations=6 (full 1):
 PSYoungGen      total 138240K, used 133120K [0x00000000f5580000, 0x00000000fe180000, 0x0000000100000000)
  eden space 133120K, 100% used [0x00000000f5580000,0x00000000fd780000,0x00000000fd780000)
  from space 5120K, 0% used [0x00000000fdc80000,0x00000000fdc80000,0x00000000fe180000)
  to   space 5120K, 0% used [0x00000000fd780000,0x00000000fd780000,0x00000000fdc80000)
 ParOldGen       total 68096K, used 10623K [0x00000000e0000000, 0x00000000e4280000, 0x00000000f5580000)
  object space 68096K, 15% used [0x00000000e0000000,0x00000000e0a5ff40,0x00000000e4280000)
 Metaspace       used 31520K, capacity 31916K, committed 32256K, reserved 1077248K
  class space    used 4334K, capacity 4499K, committed 4608K, reserved 1048576K
Event: 8.571 GC heap after
Heap after GC invocations=6 (full 1):
 PSYoungGen      total 138240K, used 5120K [0x00000000f5580000, 0x0000000100000000, 0x0000000100000000)
  eden space 133120K, 0% used [0x00000000f5580000,0x00000000f5580000,0x00000000fd780000)
  from space 5120K, 100% used [0x00000000fd780000,0x00000000fdc80000,0x00000000fdc80000)
  to   space 15872K, 0% used [0x00000000ff080000,0x00000000ff080000,0x0000000100000000)
 ParOldGen       total 68096K, used 18062K [0x00000000e0000000, 0x00000000e4280000, 0x00000000f5580000)
  object space 68096K, 26% used [0x00000000e0000000,0x00000000e11a38f0,0x00000000e4280000)
 Metaspace       used 31520K, capacity 31916K, committed 32256K, reserved 1077248K
  class space    used 4334K, capacity 4499K, committed 4608K, reserved 1048576K
}

Deoptimization events (10 events):
Event: 9.266 Thread 0x0000000016648000 Uncommon trap: reason=unstable_if action=reinterpret pc=0x000000000350d620 method=java.util.WeakHashMap.expungeStaleEntries()V @ 66
Event: 9.311 Thread 0x0000000016648000 Uncommon trap: reason=bimorphic action=maybe_recompile pc=0x00000000038b769c method=java.lang.ClassLoader.getPackage(Ljava/lang/String;)Ljava/lang/Package; @ 47
Event: 9.315 Thread 0x0000000016648000 Uncommon trap: reason=bimorphic action=maybe_recompile pc=0x00000000038b769c method=java.lang.ClassLoader.getPackage(Ljava/lang/String;)Ljava/lang/Package; @ 47
Event: 9.317 Thread 0x0000000016648000 Uncommon trap: reason=bimorphic action=maybe_recompile pc=0x00000000038b769c method=java.lang.ClassLoader.getPackage(Ljava/lang/String;)Ljava/lang/Package; @ 47
Event: 9.318 Thread 0x0000000016648000 Uncommon trap: reason=bimorphic action=maybe_recompile pc=0x00000000038b769c method=java.lang.ClassLoader.getPackage(Ljava/lang/String;)Ljava/lang/Package; @ 47
Event: 9.319 Thread 0x0000000016648000 Uncommon trap: reason=bimorphic action=maybe_recompile pc=0x000000000386c33c method=java.lang.ClassLoader.getPackage(Ljava/lang/String;)Ljava/lang/Package; @ 47
Event: 9.384 Thread 0x0000000016648000 Uncommon trap: reason=class_check action=maybe_recompile pc=0x00000000031e981c method=java.io.BufferedInputStream.read1([BII)I @ 39
Event: 9.384 Thread 0x0000000016648000 Uncommon trap: reason=class_check action=maybe_recompile pc=0x00000000031e981c method=java.io.BufferedInputStream.read1([BII)I @ 39
Event: 9.384 Thread 0x0000000016648000 Uncommon trap: reason=class_check action=maybe_recompile pc=0x00000000031e981c method=java.io.BufferedInputStream.read1([BII)I @ 39
Event: 9.386 Thread 0x0000000016648000 Uncommon trap: reason=unstable_if action=reinterpret pc=0x00000000031c8310 method=java.util.regex.Pattern.has(I)Z @ 6

Classes redefined (0 events):
No events

Internal exceptions (10 events):
Event: 9.255 Thread 0x0000000016648000 Exception <a 'java/security/PrivilegedActionException'> (0x00000000f77ac378) thrown at [D:\src\AOSP-openjdk-cygwin\jdk8u\hotspot\src\share\vm\prims\jvm.cpp, line 1508]
Event: 9.255 Thread 0x0000000016648000 Exception <a 'java/security/PrivilegedActionException'> (0x00000000f77acf10) thrown at [D:\src\AOSP-openjdk-cygwin\jdk8u\hotspot\src\share\vm\prims\jvm.cpp, line 1508]
Event: 9.264 Thread 0x0000000016648000 Exception <a 'java/lang/ClassNotFoundException': org/gradle/api/internal/project/DefaultProject_DecoratedBeanInfo> (0x00000000f77c56d0) thrown at [D:\src\AOSP-openjdk-cygwin\jdk8u\hotspot\src\share\vm\classfile\systemDictionary.cpp, line 210]
Event: 9.265 Thread 0x0000000016648000 Exception <a 'java/lang/ClassNotFoundException': org/gradle/api/internal/project/DefaultProjectBeanInfo> (0x00000000f77f8af0) thrown at [D:\src\AOSP-openjdk-cygwin\jdk8u\hotspot\src\share\vm\classfile\systemDictionary.cpp, line 210]
Event: 9.266 Thread 0x0000000016648000 Exception <a 'java/lang/ClassNotFoundException': org/gradle/api/internal/project/DefaultProjectCustomizer> (0x00000000f782d618) thrown at [D:\src\AOSP-openjdk-cygwin\jdk8u\hotspot\src\share\vm\classfile\systemDictionary.cpp, line 210]
Event: 9.271 Thread 0x0000000016648000 Exception <a 'java/lang/ClassNotFoundException': org/gradle/api/internal/project/DefaultProject_DecoratedCustomizer> (0x00000000f7934628) thrown at [D:\src\AOSP-openjdk-cygwin\jdk8u\hotspot\src\share\vm\classfile\systemDictionary.cpp, line 210]
Event: 9.302 Thread 0x0000000016648000 Exception <a 'java/lang/ClassNotFoundException': build_51x2xiuzhm93b23nyplfkeovnBeanInfo> (0x00000000f7afdd68) thrown at [D:\src\AOSP-openjdk-cygwin\jdk8u\hotspot\src\share\vm\classfile\systemDictionary.cpp, line 210]
Event: 9.302 Thread 0x0000000016648000 Exception <a 'java/lang/ClassNotFoundException': build_51x2xiuzhm93b23nyplfkeovnCustomizer> (0x00000000f7b09140) thrown at [D:\src\AOSP-openjdk-cygwin\jdk8u\hotspot\src\share\vm\classfile\systemDictionary.cpp, line 210]
Event: 9.307 Thread 0x0000000016648000 Exception <a 'java/lang/ClassNotFoundException': org/gradle/api/internal/plugins/DefaultObjectConfigurationActionBeanInfo> (0x00000000f7ba9ed0) thrown at [D:\src\AOSP-openjdk-cygwin\jdk8u\hotspot\src\share\vm\classfile\systemDictionary.cpp, line 210]
Event: 9.308 Thread 0x0000000016648000 Exception <a 'java/lang/ClassNotFoundException': org/gradle/api/internal/plugins/DefaultObjectConfigurationActionCustomizer> (0x00000000f7be7808) thrown at [D:\src\AOSP-openjdk-cygwin\jdk8u\hotspot\src\share\vm\classfile\systemDictionary.cpp, line 210]

Events (10 events):
Event: 9.477 loading class com/sun/jmx/interceptor/DefaultMBeanServerInterceptor$ResourceContext$1 done
Event: 9.477 loading class com/sun/jmx/mbeanserver/NamedObject
Event: 9.477 loading class com/sun/jmx/mbeanserver/NamedObject done
Event: 9.477 loading class javax/management/MBeanServerNotification
Event: 9.477 loading class javax/management/Notification
Event: 9.478 loading class javax/management/Notification done
Event: 9.478 loading class javax/management/MBeanServerNotification done
Event: 9.478 loading class java/util/concurrent/CopyOnWriteArrayList$COWIterator
Event: 9.480 loading class java/util/concurrent/CopyOnWriteArrayList$COWIterator done
Event: 9.480 loading class javax/management/ObjectInstance


Dynamic libraries:
0x00007ff6f9bf0000 - 0x00007ff6f9c21000 	C:\Program Files\Android\Android Studio\jre\bin\java.exe
0x00007ffce0860000 - 0x00007ffce0a50000 	C:\WINDOWS\SYSTEM32\ntdll.dll
0x00007ffcdf370000 - 0x00007ffcdf422000 	C:\WINDOWS\System32\KERNEL32.DLL
0x00007ffcde310000 - 0x00007ffcde5b3000 	C:\WINDOWS\System32\KERNELBASE.dll
0x00007ffcdf790000 - 0x00007ffcdf833000 	C:\WINDOWS\System32\ADVAPI32.dll
0x00007ffcde9a0000 - 0x00007ffcdea3e000 	C:\WINDOWS\System32\msvcrt.dll
0x00007ffcdf630000 - 0x00007ffcdf6c7000 	C:\WINDOWS\System32\sechost.dll
0x00007ffcdf0b0000 - 0x00007ffcdf1d0000 	C:\WINDOWS\System32\RPCRT4.dll
0x00007ffcdf1d0000 - 0x00007ffcdf364000 	C:\WINDOWS\System32\USER32.dll
0x00007ffcdda20000 - 0x00007ffcdda41000 	C:\WINDOWS\System32\win32u.dll
0x00007ffcdf600000 - 0x00007ffcdf626000 	C:\WINDOWS\System32\GDI32.dll
0x00007ffcde770000 - 0x00007ffcde904000 	C:\WINDOWS\System32\gdi32full.dll
0x00007ffcde270000 - 0x00007ffcde30e000 	C:\WINDOWS\System32\msvcp_win.dll
0x00007ffcdd920000 - 0x00007ffcdda1a000 	C:\WINDOWS\System32\ucrtbase.dll
0x00007ffcce8e0000 - 0x00007ffcceb65000 	C:\WINDOWS\WinSxS\amd64_microsoft.windows.common-controls_6595b64144ccf1df_6.0.18362.657_none_e6c5b579130e3898\COMCTL32.dll
0x00007ffcdeba0000 - 0x00007ffcdeed6000 	C:\WINDOWS\System32\combase.dll
0x00007ffcdda50000 - 0x00007ffcddad0000 	C:\WINDOWS\System32\bcryptPrimitives.dll
0x00007ffce0790000 - 0x00007ffce07be000 	C:\WINDOWS\System32\IMM32.DLL
0x0000000074ec0000 - 0x0000000074f92000 	C:\Program Files\Android\Android Studio\jre\jre\bin\msvcr100.dll
0x0000000073a40000 - 0x0000000074286000 	C:\Program Files\Android\Android Studio\jre\jre\bin\server\jvm.dll
0x00007ffcdf430000 - 0x00007ffcdf438000 	C:\WINDOWS\System32\PSAPI.DLL
0x00007ffcd0780000 - 0x00007ffcd0789000 	C:\WINDOWS\SYSTEM32\WSOCK32.dll
0x00007ffcdf440000 - 0x00007ffcdf4af000 	C:\WINDOWS\System32\WS2_32.dll
0x00007ffcd42f0000 - 0x00007ffcd4314000 	C:\WINDOWS\SYSTEM32\WINMM.dll
0x00007ffcd2940000 - 0x00007ffcd294a000 	C:\WINDOWS\SYSTEM32\VERSION.dll
0x00007ffcd40b0000 - 0x00007ffcd40dd000 	C:\WINDOWS\SYSTEM32\WINMMBASE.dll
0x00007ffcdd7f0000 - 0x00007ffcdd83a000 	C:\WINDOWS\System32\cfgmgr32.dll
0x00007ffcd7db0000 - 0x00007ffcd7dbf000 	C:\Program Files\Android\Android Studio\jre\jre\bin\verify.dll
0x00007ffcb3170000 - 0x00007ffcb3199000 	C:\Program Files\Android\Android Studio\jre\jre\bin\java.dll
0x00007ffcbbbe0000 - 0x00007ffcbbbf6000 	C:\Program Files\Android\Android Studio\jre\jre\bin\zip.dll
0x00007ffcdf840000 - 0x00007ffcdff25000 	C:\WINDOWS\System32\SHELL32.dll
0x00007ffce00b0000 - 0x00007ffce0159000 	C:\WINDOWS\System32\shcore.dll
0x00007ffcddad0000 - 0x00007ffcde24f000 	C:\WINDOWS\System32\windows.storage.dll
0x00007ffcdd7d0000 - 0x00007ffcdd7ef000 	C:\WINDOWS\System32\profapi.dll
0x00007ffcdd740000 - 0x00007ffcdd78a000 	C:\WINDOWS\System32\powrprof.dll
0x00007ffcdd730000 - 0x00007ffcdd740000 	C:\WINDOWS\System32\UMPDC.dll
0x00007ffce07c0000 - 0x00007ffce0812000 	C:\WINDOWS\System32\shlwapi.dll
0x00007ffcdd790000 - 0x00007ffcdd7a1000 	C:\WINDOWS\System32\kernel.appcore.dll
0x00007ffcde250000 - 0x00007ffcde267000 	C:\WINDOWS\System32\cryptsp.dll
0x00007ffcbb0a0000 - 0x00007ffcbb0ba000 	C:\Program Files\Android\Android Studio\jre\jre\bin\net.dll
0x00007ffcdcf40000 - 0x00007ffcdcfa7000 	C:\WINDOWS\system32\mswsock.dll
0x00007ffcba400000 - 0x00007ffcba411000 	C:\Program Files\Android\Android Studio\jre\jre\bin\nio.dll
0x00007ffcb04a0000 - 0x00007ffcb04be000 	C:\Users\Abbate - FTC 16145\.gradle\native\25\windows-amd64\native-platform.dll
0x00007ffcd67b0000 - 0x00007ffcd67bd000 	C:\Program Files\Android\Android Studio\jre\jre\bin\management.dll
0x00007ffcdcab0000 - 0x00007ffcdcae3000 	C:\WINDOWS\system32\rsaenh.dll
0x00007ffcdd8f0000 - 0x00007ffcdd916000 	C:\WINDOWS\System32\bcrypt.dll
0x00007ffcdd650000 - 0x00007ffcdd675000 	C:\WINDOWS\SYSTEM32\USERENV.dll
0x00007ffcdd110000 - 0x00007ffcdd11c000 	C:\WINDOWS\SYSTEM32\CRYPTBASE.dll
0x00007ffcdcc50000 - 0x00007ffcdcc8a000 	C:\WINDOWS\SYSTEM32\IPHLPAPI.DLL
0x00007ffcde990000 - 0x00007ffcde998000 	C:\WINDOWS\System32\NSI.dll
0x00007ffcd55c0000 - 0x00007ffcd55d6000 	C:\WINDOWS\SYSTEM32\dhcpcsvc6.DLL
0x00007ffcd7790000 - 0x00007ffcd77ac000 	C:\WINDOWS\SYSTEM32\dhcpcsvc.DLL
0x00007ffcdcc90000 - 0x00007ffcdcd5a000 	C:\WINDOWS\SYSTEM32\DNSAPI.dll

VM Arguments:
jvm_args: -XX:MaxMetaspaceSize=256m -XX:+HeapDumpOnOutOfMemoryError -Xmx512m -Dfile.encoding=windows-1252 -Duser.country=US -Duser.language=en -Duser.variant 
java_command: org.gradle.launcher.daemon.bootstrap.GradleDaemon 5.1.1
java_class_path (initial): C:\Users\Abbate - FTC 16145\.gradle\wrapper\dists\gradle-5.1.1-all\97z1ksx6lirer3kbvdnh7jtjg\gradle-5.1.1\lib\gradle-launcher-5.1.1.jar
Launcher Type: SUN_STANDARD

Environment Variables:
JAVA_HOME=C:\Program Files\Java\jdk-11.0.2
PATH=C:\Program Files\National Instruments\Shared\OpenVINO\;C:\Program Files (x86)\Yamaha\ProVisionaire Monitoring Service\WebCore\;C:\Program Files (x86)\Common Files\Oracle\Java\javapath;C:\Program Files (x86)\Intel\iCLS Client\;C:\Program Files\Intel\iCLS Client\;C:\Windows\system32;C:\Windows;C:\Windows\System32\Wbem;C:\Windows\System32\WindowsPowerShell\v1.0\;C:\Windows\System32\OpenSSH\;C:\Program Files (x86)\Intel\Intel(R) Management Engine Components\DAL;C:\Program Files\Intel\Intel(R) Management Engine Components\DAL;C:\Program Files (x86)\Intel\Intel(R) Management Engine Components\IPT;C:\Program Files\Intel\Intel(R) Management Engine Components\IPT;C:\Program Files\Git\cmd;C:\Users\Public\frc2019\frccode;C:\Program Files\PuTTY\;C:\WINDOWS\system32;C:\WINDOWS;C:\WINDOWS\System32\Wbem;C:\WINDOWS\System32\WindowsPowerShell\v1.0\;C:\WINDOWS\System32\OpenSSH\;C:\Users\Public\wpilib\2020\frccode;C:\Users\Abbate - FTC 16145\AppData\Local\Microsoft\WindowsApps;
USERNAME=Abbate - FTC 16145
OS=Windows_NT
PROCESSOR_IDENTIFIER=Intel64 Family 6 Model 142 Stepping 10, GenuineIntel



---------------  S Y S T E M  ---------------

OS: Windows 10.0 , 64 bit Build 18362 (10.0.18362.329)

CPU:total 4 (initial active 4) (2 cores per cpu, 2 threads per core) family 6 model 142 stepping 10, cmov, cx8, fxsr, mmx, sse, sse2, sse3, ssse3, sse4.1, sse4.2, popcnt, avx, avx2, aes, clmul, erms, 3dnowpref, lzcnt, ht, tsc, tscinvbit, bmi1, bmi2, adx

Memory: 4k page, physical 8295652k(972720k free), swap 13199520k(6604k free)

vm_info: OpenJDK 64-Bit Server VM (25.202-b03) for windows-amd64 JRE (1.8.0_202-release-1483-b03), built by "builder" with MS VC++ 10.0 (VS2010)

time: Thu Feb 13 09:56:21 2020
timezone: Eastern Standard Time
elapsed time: 9 seconds (0d 0h 0m 9s)

