#
# There is insufficient memory for the Java Runtime Environment to continue.
# Native memory allocation (malloc) failed to allocate 1174416 bytes for Chunk::new
# Possible reasons:
#   The system is out of physical RAM or swap space
#   The process is running with CompressedOops enabled, and the Java Heap may be blocking the growth of the native heap
# Possible solutions:
#   Reduce memory load on the system
#   Increase physical memory or swap space
#   Check if swap backing store is full
#   Decrease Java heap size (-Xmx/-Xms)
#   Decrease number of Java threads
#   Decrease Java thread stack sizes (-Xss)
#   Set larger code cache with -XX:ReservedCodeCacheSize=
#   JVM is running with Unscaled Compressed Oops mode in which the Java heap is
#     placed in the first 4GB address space. The Java Heap base address is the
#     maximum limit for the native heap growth. Please use -XX:HeapBaseMinAddress
#     to set the Java Heap base and to place the Java Heap above 4GB virtual address.
# This output file may be truncated or incomplete.
#
#  Out of Memory Error (allocation.cpp:389), pid=4192, tid=0x00000000000050f0
#
# JRE version: OpenJDK Runtime Environment (8.0_202-b03) (build 1.8.0_202-release-1483-b03)
# Java VM: OpenJDK 64-Bit Server VM (25.202-b03 mixed mode windows-amd64 compressed oops)
# Failed to write core dump. Minidumps are not enabled by default on client versions of Windows
#

---------------  T H R E A D  ---------------

Current thread (0x0000000014141000):  JavaThread "C2 CompilerThread0" daemon [_thread_in_native, id=20720, stack(0x00000000157c0000,0x00000000158c0000)]

Stack: [0x00000000157c0000,0x00000000158c0000]
[error occurred during error reporting (printing stack bounds), id 0xc0000005]

Native frames: (J=compiled Java code, j=interpreted, Vv=VM code, C=native code)


Current CompileTask:
C2:  10993 5271       4       groovy.lang.MetaClassImpl$1MOPIter::methodNameAction (325 bytes)


---------------  P R O C E S S  ---------------

Java Threads: ( => current thread )
  0x00000000179d7000 JavaThread "Cache worker for Build Output Cleanup Cache (C:\Users\Abbate - FTC 16145\Desktop\SkyStone-master\.gradle\buildOutputCleanup)" [_thread_blocked, id=5796, stack(0x000000001f680000,0x000000001f780000)]
  0x00000000179de000 JavaThread "Build operations Thread 4" [_thread_blocked, id=25592, stack(0x000000001fa40000,0x000000001fb40000)]
  0x00000000179d8000 JavaThread "Build operations Thread 3" [_thread_blocked, id=9616, stack(0x000000001f940000,0x000000001fa40000)]
  0x00000000179dd000 JavaThread "Build operations Thread 2" [_thread_blocked, id=17144, stack(0x000000001f840000,0x000000001f940000)]
  0x00000000179db000 JavaThread "Build operations" [_thread_blocked, id=16396, stack(0x000000001df70000,0x000000001e070000)]
  0x0000000016fc8800 JavaThread "Cache worker for execution history cache (C:\Users\Abbate - FTC 16145\.gradle\caches\5.1.1\executionHistory)" [_thread_blocked, id=1596, stack(0x000000001dc70000,0x000000001dd70000)]
  0x0000000016fc6000 JavaThread "Cache worker for cache directory md-rule (C:\Users\Abbate - FTC 16145\.gradle\caches\5.1.1\md-rule)" [_thread_blocked, id=16836, stack(0x000000001db70000,0x000000001dc70000)]
  0x0000000016fc4800 JavaThread "Cache worker for cache directory md-supplier (C:\Users\Abbate - FTC 16145\.gradle\caches\5.1.1\md-supplier)" [_thread_blocked, id=8596, stack(0x000000001da70000,0x000000001db70000)]
  0x0000000016fc5800 JavaThread "Cache worker for file hash cache (C:\Users\Abbate - FTC 16145\Desktop\SkyStone-master\.gradle\5.1.1\fileHashes)" [_thread_blocked, id=24788, stack(0x000000001aeb0000,0x000000001afb0000)]
  0x0000000016fca800 JavaThread "Cache worker for journal cache (C:\Users\Abbate - FTC 16145\.gradle\caches\journal-1)" [_thread_blocked, id=21936, stack(0x0000000019be0000,0x0000000019ce0000)]
  0x0000000016fca000 JavaThread "File lock request listener" [_thread_in_native, id=2656, stack(0x0000000019ae0000,0x0000000019be0000)]
  0x000000001786e800 JavaThread "Cache worker for file hash cache (C:\Users\Abbate - FTC 16145\.gradle\caches\5.1.1\fileHashes)" [_thread_blocked, id=6468, stack(0x00000000199e0000,0x0000000019ae0000)]
  0x0000000015e60000 JavaThread "Thread-8" [_thread_in_Java, id=20164, stack(0x00000000198e0000,0x00000000199e0000)]
  0x0000000016b34800 JavaThread "Stdin handler" [_thread_blocked, id=25228, stack(0x00000000197e0000,0x00000000198e0000)]
  0x0000000016b36000 JavaThread "Asynchronous log dispatcher for DefaultDaemonConnection: socket connection from /127.0.0.1:65111 to /127.0.0.1:65112" [_thread_blocked, id=5168, stack(0x00000000196e0000,0x00000000197e0000)]
  0x0000000015e6d000 JavaThread "Daemon worker" [_thread_in_native, id=21564, stack(0x00000000195e0000,0x00000000196e0000)]
  0x0000000015e6b800 JavaThread "Cancel handler" [_thread_blocked, id=2236, stack(0x00000000194e0000,0x00000000195e0000)]
  0x0000000017075800 JavaThread "Handler for socket connection from /127.0.0.1:65111 to /127.0.0.1:65112" [_thread_in_native, id=24160, stack(0x00000000191e0000,0x00000000192e0000)]
  0x0000000017074800 JavaThread "Daemon" [_thread_blocked, id=17364, stack(0x00000000190e0000,0x00000000191e0000)]
  0x0000000016f9c000 JavaThread "Daemon periodic checks" [_thread_blocked, id=12556, stack(0x0000000018fe0000,0x00000000190e0000)]
  0x0000000016feb800 JavaThread "Incoming local TCP Connector on port 65111" [_thread_in_native, id=14228, stack(0x0000000018da0000,0x0000000018ea0000)]
  0x0000000015ae8800 JavaThread "Service Thread" daemon [_thread_blocked, id=15072, stack(0x0000000015ec0000,0x0000000015fc0000)]
  0x000000001414d800 JavaThread "C1 CompilerThread2" daemon [_thread_blocked, id=6264, stack(0x00000000159c0000,0x0000000015ac0000)]
  0x000000001414a000 JavaThread "C2 CompilerThread1" daemon [_thread_blocked, id=22268, stack(0x00000000158c0000,0x00000000159c0000)]
=>0x0000000014141000 JavaThread "C2 CompilerThread0" daemon [_thread_in_native, id=20720, stack(0x00000000157c0000,0x00000000158c0000)]
  0x0000000014140000 JavaThread "Attach Listener" daemon [_thread_blocked, id=3464, stack(0x00000000156c0000,0x00000000157c0000)]
  0x000000001413d000 JavaThread "Signal Dispatcher" daemon [_thread_blocked, id=22220, stack(0x00000000155c0000,0x00000000156c0000)]
  0x0000000002dcd000 JavaThread "Finalizer" daemon [_thread_blocked, id=19840, stack(0x00000000153c0000,0x00000000154c0000)]
  0x0000000014129000 JavaThread "Reference Handler" daemon [_thread_blocked, id=25536, stack(0x00000000152c0000,0x00000000153c0000)]
  0x0000000002cd2800 JavaThread "main" [_thread_blocked, id=25576, stack(0x0000000002bd0000,0x0000000002cd0000)]

Other Threads:
  0x0000000014106800 VMThread [stack: 0x00000000151c0000,0x00000000152c0000] [id=22264]
  0x0000000015afb800 WatcherThread [stack: 0x0000000015fc0000,0x00000000160c0000] [id=17836]

VM state:not at safepoint (normal execution)

VM Mutex/Monitor currently owned by a thread: None

heap address: 0x00000000e0000000, size: 512 MB, Compressed Oops mode: 32-bit
Narrow klass base: 0x0000000000000000, Narrow klass shift: 3
Compressed class space size: 1073741824 Address: 0x0000000100000000

Heap:
 PSYoungGen      total 147456K, used 20148K [0x00000000f5580000, 0x0000000100000000, 0x0000000100000000)
  eden space 133632K, 15% used [0x00000000f5580000,0x00000000f692d3b0,0x00000000fd800000)
  from space 13824K, 0% used [0x00000000ff280000,0x00000000ff280000,0x0000000100000000)
  to   space 20480K, 0% used [0x00000000fd800000,0x00000000fd800000,0x00000000fec00000)
 ParOldGen       total 145408K, used 34180K [0x00000000e0000000, 0x00000000e8e00000, 0x00000000f5580000)
  object space 145408K, 23% used [0x00000000e0000000,0x00000000e21612a0,0x00000000e8e00000)
 Metaspace       used 58382K, capacity 60256K, committed 60376K, reserved 1101824K
  class space    used 7936K, capacity 8368K, committed 8448K, reserved 1048576K

Card table byte_map: [0x0000000012190000,0x00000000122a0000] byte_map_base: 0x0000000011a90000

Marking Bits: (ParMarkBitMap*) 0x0000000074209f30
 Begin Bits: [0x00000000126a0000, 0x0000000012ea0000)
 End Bits:   [0x0000000012ea0000, 0x00000000136a0000)

Polling page: 0x00000000011e0000

CodeCache: size=245760Kb used=17275Kb max_used=17275Kb free=228484Kb
 bounds [0x0000000002dd0000, 0x0000000003ec0000, 0x0000000011dd0000]
 total_blobs=5864 nmethods=5072 adapters=705
 compilation: enabled

Compilation events (10 events):
Event: 10.986 Thread 0x000000001414a000 nmethod 5465 0x0000000003eb48d0 code [0x0000000003eb4a60, 0x0000000003eb4fa8]
Event: 10.986 Thread 0x000000001414a000 5461       4       java.lang.Class::cast (27 bytes)
Event: 10.987 Thread 0x000000001414a000 nmethod 5461 0x0000000003eabd50 code [0x0000000003eabe80, 0x0000000003eabf78]
Event: 10.987 Thread 0x000000001414a000 5273       4       java.util.HashMap::<init> (11 bytes)
Event: 10.987 Thread 0x000000001414a000 nmethod 5273 0x0000000002fa2810 code [0x0000000002fa2940, 0x0000000002fa2998]
Event: 10.990 Thread 0x000000001414d800 5469       3       groovyjarjarasm.asm.SymbolTable::addConstantClass (8 bytes)
Event: 10.990 Thread 0x000000001414d800 nmethod 5469 0x0000000003ead190 code [0x0000000003ead300, 0x0000000003ead488]
Event: 10.990 Thread 0x000000001414d800 5470       3       groovyjarjarasm.asm.SymbolTable::addConstantUtf8Reference (101 bytes)
Event: 10.991 Thread 0x000000001414d800 nmethod 5470 0x0000000003eac2d0 code [0x0000000003eac4c0, 0x0000000003eacd78]
Event: 10.992 Thread 0x000000001414d800 5471       3       groovyjarjarasm.asm.Type::getArgumentsAndReturnSizes (132 bytes)

GC Heap History (10 events):
Event: 6.389 GC heap before
{Heap before GC invocations=9 (full 1):
 PSYoungGen      total 141312K, used 27169K [0x00000000f5580000, 0x0000000100000000, 0x0000000100000000)
  eden space 130048K, 12% used [0x00000000f5580000,0x00000000f650c3e8,0x00000000fd480000)
  from space 11264K, 99% used [0x00000000fd480000,0x00000000fdf7c0d8,0x00000000fdf80000)
  to   space 13824K, 0% used [0x00000000ff280000,0x00000000ff280000,0x0000000100000000)
 ParOldGen       total 66048K, used 12222K [0x00000000e0000000, 0x00000000e4080000, 0x00000000f5580000)
  object space 66048K, 18% used [0x00000000e0000000,0x00000000e0bef888,0x00000000e4080000)
 Metaspace       used 34495K, capacity 35384K, committed 35456K, reserved 1079296K
  class space    used 4741K, capacity 4973K, committed 4992K, reserved 1048576K
Event: 6.402 GC heap after
Heap after GC invocations=9 (full 1):
 PSYoungGen      total 160768K, used 8923K [0x00000000f5580000, 0x0000000100000000, 0x0000000100000000)
  eden space 146944K, 0% used [0x00000000f5580000,0x00000000f5580000,0x00000000fe500000)
  from space 13824K, 64% used [0x00000000ff280000,0x00000000ffb36d78,0x0000000100000000)
  to   space 13824K, 0% used [0x00000000fe500000,0x00000000fe500000,0x00000000ff280000)
 ParOldGen       total 66048K, used 12230K [0x00000000e0000000, 0x00000000e4080000, 0x00000000f5580000)
  object space 66048K, 18% used [0x00000000e0000000,0x00000000e0bf1888,0x00000000e4080000)
 Metaspace       used 34495K, capacity 35384K, committed 35456K, reserved 1079296K
  class space    used 4741K, capacity 4973K, committed 4992K, reserved 1048576K
}
Event: 6.402 GC heap before
{Heap before GC invocations=10 (full 2):
 PSYoungGen      total 160768K, used 8923K [0x00000000f5580000, 0x0000000100000000, 0x0000000100000000)
  eden space 146944K, 0% used [0x00000000f5580000,0x00000000f5580000,0x00000000fe500000)
  from space 13824K, 64% used [0x00000000ff280000,0x00000000ffb36d78,0x0000000100000000)
  to   space 13824K, 0% used [0x00000000fe500000,0x00000000fe500000,0x00000000ff280000)
 ParOldGen       total 66048K, used 12230K [0x00000000e0000000, 0x00000000e4080000, 0x00000000f5580000)
  object space 66048K, 18% used [0x00000000e0000000,0x00000000e0bf1888,0x00000000e4080000)
 Metaspace       used 34495K, capacity 35384K, committed 35456K, reserved 1079296K
  class space    used 4741K, capacity 4973K, committed 4992K, reserved 1048576K
Event: 6.484 GC heap after
Heap after GC invocations=10 (full 2):
 PSYoungGen      total 160768K, used 0K [0x00000000f5580000, 0x0000000100000000, 0x0000000100000000)
  eden space 146944K, 0% used [0x00000000f5580000,0x00000000f5580000,0x00000000fe500000)
  from space 13824K, 0% used [0x00000000ff280000,0x00000000ff280000,0x0000000100000000)
  to   space 13824K, 0% used [0x00000000fe500000,0x00000000fe500000,0x00000000ff280000)
 ParOldGen       total 95744K, used 15922K [0x00000000e0000000, 0x00000000e5d80000, 0x00000000f5580000)
  object space 95744K, 16% used [0x00000000e0000000,0x00000000e0f8c818,0x00000000e5d80000)
 Metaspace       used 34493K, capacity 35378K, committed 35456K, reserved 1079296K
  class space    used 4740K, capacity 4972K, committed 4992K, reserved 1048576K
}
Event: 9.280 GC heap before
{Heap before GC invocations=11 (full 2):
 PSYoungGen      total 160768K, used 146944K [0x00000000f5580000, 0x0000000100000000, 0x0000000100000000)
  eden space 146944K, 100% used [0x00000000f5580000,0x00000000fe500000,0x00000000fe500000)
  from space 13824K, 0% used [0x00000000ff280000,0x00000000ff280000,0x0000000100000000)
  to   space 13824K, 0% used [0x00000000fe500000,0x00000000fe500000,0x00000000ff280000)
 ParOldGen       total 95744K, used 15922K [0x00000000e0000000, 0x00000000e5d80000, 0x00000000f5580000)
  object space 95744K, 16% used [0x00000000e0000000,0x00000000e0f8c818,0x00000000e5d80000)
 Metaspace       used 50448K, capacity 51786K, committed 51968K, reserved 1093632K
  class space    used 6803K, capacity 7110K, committed 7168K, reserved 1048576K
Event: 9.308 GC heap after
Heap after GC invocations=11 (full 2):
 PSYoungGen      total 160768K, used 13809K [0x00000000f5580000, 0x0000000100000000, 0x0000000100000000)
  eden space 146944K, 0% used [0x00000000f5580000,0x00000000f5580000,0x00000000fe500000)
  from space 13824K, 99% used [0x00000000fe500000,0x00000000ff27c588,0x00000000ff280000)
  to   space 13824K, 0% used [0x00000000ff280000,0x00000000ff280000,0x0000000100000000)
 ParOldGen       total 95744K, used 20446K [0x00000000e0000000, 0x00000000e5d80000, 0x00000000f5580000)
  object space 95744K, 21% used [0x00000000e0000000,0x00000000e13f7b98,0x00000000e5d80000)
 Metaspace       used 50448K, capacity 51786K, committed 51968K, reserved 1093632K
  class space    used 6803K, capacity 7110K, committed 7168K, reserved 1048576K
}
Event: 10.423 GC heap before
{Heap before GC invocations=12 (full 2):
 PSYoungGen      total 160768K, used 110805K [0x00000000f5580000, 0x0000000100000000, 0x0000000100000000)
  eden space 146944K, 66% used [0x00000000f5580000,0x00000000fb438fc0,0x00000000fe500000)
  from space 13824K, 99% used [0x00000000fe500000,0x00000000ff27c588,0x00000000ff280000)
  to   space 13824K, 0% used [0x00000000ff280000,0x00000000ff280000,0x0000000100000000)
 ParOldGen       total 95744K, used 20446K [0x00000000e0000000, 0x00000000e5d80000, 0x00000000f5580000)
  object space 95744K, 21% used [0x00000000e0000000,0x00000000e13f7b98,0x00000000e5d80000)
 Metaspace       used 57270K, capacity 59040K, committed 59096K, reserved 1099776K
  class space    used 7764K, capacity 8192K, committed 8192K, reserved 1048576K
Event: 10.439 GC heap after
Heap after GC invocations=12 (full 2):
 PSYoungGen      total 147456K, used 13798K [0x00000000f5580000, 0x0000000100000000, 0x0000000100000000)
  eden space 133632K, 0% used [0x00000000f5580000,0x00000000f5580000,0x00000000fd800000)
  from space 13824K, 99% used [0x00000000ff280000,0x00000000ffff9910,0x0000000100000000)
  to   space 20480K, 0% used [0x00000000fd800000,0x00000000fd800000,0x00000000fec00000)
 ParOldGen       total 95744K, used 25986K [0x00000000e0000000, 0x00000000e5d80000, 0x00000000f5580000)
  object space 95744K, 27% used [0x00000000e0000000,0x00000000e1960a60,0x00000000e5d80000)
 Metaspace       used 57270K, capacity 59040K, committed 59096K, reserved 1099776K
  class space    used 7764K, capacity 8192K, committed 8192K, reserved 1048576K
}
Event: 10.439 GC heap before
{Heap before GC invocations=13 (full 3):
 PSYoungGen      total 147456K, used 13798K [0x00000000f5580000, 0x0000000100000000, 0x0000000100000000)
  eden space 133632K, 0% used [0x00000000f5580000,0x00000000f5580000,0x00000000fd800000)
  from space 13824K, 99% used [0x00000000ff280000,0x00000000ffff9910,0x0000000100000000)
  to   space 20480K, 0% used [0x00000000fd800000,0x00000000fd800000,0x00000000fec00000)
 ParOldGen       total 95744K, used 25986K [0x00000000e0000000, 0x00000000e5d80000, 0x00000000f5580000)
  object space 95744K, 27% used [0x00000000e0000000,0x00000000e1960a60,0x00000000e5d80000)
 Metaspace       used 57270K, capacity 59040K, committed 59096K, reserved 1099776K
  class space    used 7764K, capacity 8192K, committed 8192K, reserved 1048576K
Event: 10.663 GC heap after
Heap after GC invocations=13 (full 3):
 PSYoungGen      total 147456K, used 0K [0x00000000f5580000, 0x0000000100000000, 0x0000000100000000)
  eden space 133632K, 0% used [0x00000000f5580000,0x00000000f5580000,0x00000000fd800000)
  from space 13824K, 0% used [0x00000000ff280000,0x00000000ff280000,0x0000000100000000)
  to   space 20480K, 0% used [0x00000000fd800000,0x00000000fd800000,0x00000000fec00000)
 ParOldGen       total 145408K, used 34180K [0x00000000e0000000, 0x00000000e8e00000, 0x00000000f5580000)
  object space 145408K, 23% used [0x00000000e0000000,0x00000000e21612a0,0x00000000e8e00000)
 Metaspace       used 57270K, capacity 59040K, committed 59096K, reserved 1099776K
  class space    used 7764K, capacity 8192K, committed 8192K, reserved 1048576K
}

Deoptimization events (10 events):
Event: 10.422 Thread 0x0000000015e6d000 Uncommon trap: reason=bimorphic action=maybe_recompile pc=0x0000000003d69c8c method=org.codehaus.groovy.util.SingleKeyHashMap.get(Ljava/lang/Object;)Ljava/lang/Object; @ 1
Event: 10.712 Thread 0x0000000015e6d000 Uncommon trap: reason=unstable_if action=reinterpret pc=0x0000000003d74c34 method=java.lang.ClassLoader.checkCerts(Ljava/lang/String;Ljava/security/CodeSource;)V @ 29
Event: 10.752 Thread 0x0000000015e6d000 Uncommon trap: reason=unstable_if action=reinterpret pc=0x0000000003d82a5c method=java.lang.ClassLoader.checkCerts(Ljava/lang/String;Ljava/security/CodeSource;)V @ 29
Event: 10.753 Thread 0x0000000015e6d000 Uncommon trap: reason=class_check action=maybe_recompile pc=0x00000000030aeec8 method=java.util.regex.Matcher.search(I)Z @ 86
Event: 10.764 Thread 0x0000000015e6d000 Uncommon trap: reason=unstable_if action=reinterpret pc=0x0000000003e33aa0 method=groovy.lang.MetaClassImpl.checkIfStdMethod(Lgroovy/lang/MetaMethod;)V @ 167
Event: 10.769 Thread 0x0000000015e6d000 Uncommon trap: reason=class_check action=maybe_recompile pc=0x00000000030aeec8 method=java.util.regex.Matcher.search(I)Z @ 86
Event: 10.769 Thread 0x0000000015e6d000 Uncommon trap: reason=unstable_if action=reinterpret pc=0x0000000002f64150 method=java.util.regex.Pattern$Dot.isSatisfiedBy(I)Z @ 3
Event: 10.769 Thread 0x0000000015e6d000 Uncommon trap: reason=unstable_if action=reinterpret pc=0x0000000002f962a8 method=java.util.regex.Pattern$GroupTail.match(Ljava/util/regex/Matcher;ILjava/lang/CharSequence;)Z @ 73
Event: 10.797 Thread 0x0000000015e6d000 Uncommon trap: reason=bimorphic action=maybe_recompile pc=0x0000000003d69c8c method=org.codehaus.groovy.util.SingleKeyHashMap.get(Ljava/lang/Object;)Ljava/lang/Object; @ 1
Event: 10.801 Thread 0x0000000015e6d000 Uncommon trap: reason=bimorphic action=maybe_recompile pc=0x0000000003d69c8c method=org.codehaus.groovy.util.SingleKeyHashMap.get(Ljava/lang/Object;)Ljava/lang/Object; @ 1

Classes redefined (0 events):
No events

Internal exceptions (10 events):
Event: 10.767 Thread 0x0000000015e6d000 Exception <a 'java/lang/ClassNotFoundException': java/lang/NumberCustomizer> (0x00000000f586fb80) thrown at [D:\src\AOSP-openjdk-cygwin\jdk8u\hotspot\src\share\vm\classfile\systemDictionary.cpp, line 210]
Event: 10.767 Thread 0x0000000015e6d000 Exception <a 'java/lang/ClassNotFoundException': java/lang/IntegerCustomizer> (0x00000000f58770e8) thrown at [D:\src\AOSP-openjdk-cygwin\jdk8u\hotspot\src\share\vm\classfile\systemDictionary.cpp, line 210]
Event: 10.777 Thread 0x0000000015e6d000 Exception <a 'java/lang/ClassNotFoundException': com/android/build/gradle/internal/dsl/NdkOptions_DecoratedBeanInfo> (0x00000000f5922420) thrown at [D:\src\AOSP-openjdk-cygwin\jdk8u\hotspot\src\share\vm\classfile\systemDictionary.cpp, line 210]
Event: 10.778 Thread 0x0000000015e6d000 Exception <a 'java/lang/ClassNotFoundException': com/android/build/gradle/internal/dsl/NdkOptionsBeanInfo> (0x00000000f5932e40) thrown at [D:\src\AOSP-openjdk-cygwin\jdk8u\hotspot\src\share\vm\classfile\systemDictionary.cpp, line 210]
Event: 10.778 Thread 0x0000000015e6d000 Exception <a 'java/lang/ClassNotFoundException': com/android/build/gradle/internal/dsl/NdkOptionsCustomizer> (0x00000000f5943858) thrown at [D:\src\AOSP-openjdk-cygwin\jdk8u\hotspot\src\share\vm\classfile\systemDictionary.cpp, line 210]
Event: 10.779 Thread 0x0000000015e6d000 Exception <a 'java/lang/ClassNotFoundException': com/android/build/gradle/internal/dsl/NdkOptions_DecoratedCustomizer> (0x00000000f596f170) thrown at [D:\src\AOSP-openjdk-cygwin\jdk8u\hotspot\src\share\vm\classfile\systemDictionary.cpp, line 210]
Event: 10.796 Thread 0x0000000015e6d000 Exception <a 'java/lang/ClassNotFoundException': com/android/build/gradle/internal/api/DefaultAndroidSourceDirectorySetBeanInfo> (0x00000000f5a51018) thrown at [D:\src\AOSP-openjdk-cygwin\jdk8u\hotspot\src\share\vm\classfile\systemDictionary.cpp, line 210
Event: 10.796 Thread 0x0000000015e6d000 Exception <a 'java/lang/ClassNotFoundException': com/android/build/gradle/internal/api/DefaultAndroidSourceDirectorySetCustomizer> (0x00000000f5a62e98) thrown at [D:\src\AOSP-openjdk-cygwin\jdk8u\hotspot\src\share\vm\classfile\systemDictionary.cpp, line 2
Event: 10.815 Thread 0x0000000015e6d000 Exception <a 'java/lang/ClassNotFoundException': build_release_249lvjp0ihg9j4waze8xle2ssBeanInfo> (0x00000000f5b55f38) thrown at [D:\src\AOSP-openjdk-cygwin\jdk8u\hotspot\src\share\vm\classfile\systemDictionary.cpp, line 210]
Event: 10.815 Thread 0x0000000015e6d000 Exception <a 'java/lang/ClassNotFoundException': build_release_249lvjp0ihg9j4waze8xle2ssCustomizer> (0x00000000f5b5c1f0) thrown at [D:\src\AOSP-openjdk-cygwin\jdk8u\hotspot\src\share\vm\classfile\systemDictionary.cpp, line 210]

Events (10 events):
Event: 10.989 loading class com/android/java/model/JavaProject
Event: 10.989 loading class com/android/java/model/JavaProject done
Event: 10.989 loading class com/android/java/model/ArtifactModel
Event: 10.990 loading class com/android/java/model/ArtifactModel done
Event: 10.990 loading class com/android/java/model/GradlePluginModel
Event: 10.990 loading class com/android/java/model/GradlePluginModel done
Event: 10.991 loading class org/jetbrains/kotlin/kapt/idea/KaptGradleModel
Event: 10.991 loading class org/jetbrains/kotlin/kapt/idea/KaptGradleModel done
Event: 10.992 loading class org/codehaus/groovy/runtime/typehandling/DefaultTypeTransformation
Event: 10.992 loading class org/codehaus/groovy/runtime/typehandling/DefaultTypeTransformation done


Dynamic libraries:
0x00007ff6f9bf0000 - 0x00007ff6f9c21000 	C:\Program Files\Android\Android Studio\jre\bin\java.exe
0x00007ffce0860000 - 0x00007ffce0a50000 	C:\WINDOWS\SYSTEM32\ntdll.dll
0x00007ffcdf370000 - 0x00007ffcdf422000 	C:\WINDOWS\System32\KERNEL32.DLL
0x00007ffcde310000 - 0x00007ffcde5b3000 	C:\WINDOWS\System32\KERNELBASE.dll
0x00007ffcdf790000 - 0x00007ffcdf833000 	C:\WINDOWS\System32\ADVAPI32.dll
0x00007ffcde9a0000 - 0x00007ffcdea3e000 	C:\WINDOWS\System32\msvcrt.dll
0x00007ffcdf630000 - 0x00007ffcdf6c7000 	C:\WINDOWS\System32\sechost.dll
0x00007ffcdf0b0000 - 0x00007ffcdf1d0000 	C:\WINDOWS\System32\RPCRT4.dll
0x00007ffcdf1d0000 - 0x00007ffcdf364000 	C:\WINDOWS\System32\USER32.dll
0x00007ffcdda20000 - 0x00007ffcdda41000 	C:\WINDOWS\System32\win32u.dll
0x00007ffcdf600000 - 0x00007ffcdf626000 	C:\WINDOWS\System32\GDI32.dll
0x00007ffcde770000 - 0x00007ffcde904000 	C:\WINDOWS\System32\gdi32full.dll
0x00007ffcde270000 - 0x00007ffcde30e000 	C:\WINDOWS\System32\msvcp_win.dll
0x00007ffcdd920000 - 0x00007ffcdda1a000 	C:\WINDOWS\System32\ucrtbase.dll
0x00007ffcce8e0000 - 0x00007ffcceb65000 	C:\WINDOWS\WinSxS\amd64_microsoft.windows.common-controls_6595b64144ccf1df_6.0.18362.657_none_e6c5b579130e3898\COMCTL32.dll
0x00007ffcdeba0000 - 0x00007ffcdeed6000 	C:\WINDOWS\System32\combase.dll
0x00007ffcdda50000 - 0x00007ffcddad0000 	C:\WINDOWS\System32\bcryptPrimitives.dll
0x00007ffce0790000 - 0x00007ffce07be000 	C:\WINDOWS\System32\IMM32.DLL
0x0000000074ec0000 - 0x0000000074f92000 	C:\Program Files\Android\Android Studio\jre\jre\bin\msvcr100.dll
0x0000000073a40000 - 0x0000000074286000 	C:\Program Files\Android\Android Studio\jre\jre\bin\server\jvm.dll
0x00007ffcdf430000 - 0x00007ffcdf438000 	C:\WINDOWS\System32\PSAPI.DLL
0x00007ffcd42f0000 - 0x00007ffcd4314000 	C:\WINDOWS\SYSTEM32\WINMM.dll
0x00007ffcd2940000 - 0x00007ffcd294a000 	C:\WINDOWS\SYSTEM32\VERSION.dll
0x00007ffcd0780000 - 0x00007ffcd0789000 	C:\WINDOWS\SYSTEM32\WSOCK32.dll
0x00007ffcdf440000 - 0x00007ffcdf4af000 	C:\WINDOWS\System32\WS2_32.dll
0x00007ffcd40b0000 - 0x00007ffcd40dd000 	C:\WINDOWS\SYSTEM32\WINMMBASE.dll
0x00007ffcdd7f0000 - 0x00007ffcdd83a000 	C:\WINDOWS\System32\cfgmgr32.dll
0x00007ffcd7db0000 - 0x00007ffcd7dbf000 	C:\Program Files\Android\Android Studio\jre\jre\bin\verify.dll
0x00007ffcb3170000 - 0x00007ffcb3199000 	C:\Program Files\Android\Android Studio\jre\jre\bin\java.dll
0x00007ffcbbbe0000 - 0x00007ffcbbbf6000 	C:\Program Files\Android\Android Studio\jre\jre\bin\zip.dll
0x00007ffcdf840000 - 0x00007ffcdff25000 	C:\WINDOWS\System32\SHELL32.dll
0x00007ffce00b0000 - 0x00007ffce0159000 	C:\WINDOWS\System32\shcore.dll
0x00007ffcddad0000 - 0x00007ffcde24f000 	C:\WINDOWS\System32\windows.storage.dll
0x00007ffcdd7d0000 - 0x00007ffcdd7ef000 	C:\WINDOWS\System32\profapi.dll
0x00007ffcdd740000 - 0x00007ffcdd78a000 	C:\WINDOWS\System32\powrprof.dll
0x00007ffcdd730000 - 0x00007ffcdd740000 	C:\WINDOWS\System32\UMPDC.dll
0x00007ffce07c0000 - 0x00007ffce0812000 	C:\WINDOWS\System32\shlwapi.dll
0x00007ffcdd790000 - 0x00007ffcdd7a1000 	C:\WINDOWS\System32\kernel.appcore.dll
0x00007ffcde250000 - 0x00007ffcde267000 	C:\WINDOWS\System32\cryptsp.dll
0x00007ffcbb0a0000 - 0x00007ffcbb0ba000 	C:\Program Files\Android\Android Studio\jre\jre\bin\net.dll
0x00007ffcdcf40000 - 0x00007ffcdcfa7000 	C:\WINDOWS\system32\mswsock.dll
0x00007ffcba400000 - 0x00007ffcba411000 	C:\Program Files\Android\Android Studio\jre\jre\bin\nio.dll
0x00007ffcb04a0000 - 0x00007ffcb04be000 	C:\Users\Abbate - FTC 16145\.gradle\native\25\windows-amd64\native-platform.dll
0x00007ffcd67b0000 - 0x00007ffcd67bd000 	C:\Program Files\Android\Android Studio\jre\jre\bin\management.dll
0x00007ffcdcab0000 - 0x00007ffcdcae3000 	C:\WINDOWS\system32\rsaenh.dll
0x00007ffcdd8f0000 - 0x00007ffcdd916000 	C:\WINDOWS\System32\bcrypt.dll
0x00007ffcdd650000 - 0x00007ffcdd675000 	C:\WINDOWS\SYSTEM32\USERENV.dll
0x00007ffcdd110000 - 0x00007ffcdd11c000 	C:\WINDOWS\SYSTEM32\CRYPTBASE.dll
0x00007ffcdcc50000 - 0x00007ffcdcc8a000 	C:\WINDOWS\SYSTEM32\IPHLPAPI.DLL
0x00007ffcde990000 - 0x00007ffcde998000 	C:\WINDOWS\System32\NSI.dll
0x00007ffcd55c0000 - 0x00007ffcd55d6000 	C:\WINDOWS\SYSTEM32\dhcpcsvc6.DLL
0x00007ffcd7790000 - 0x00007ffcd77ac000 	C:\WINDOWS\SYSTEM32\dhcpcsvc.DLL
0x00007ffcdcc90000 - 0x00007ffcdcd5a000 	C:\WINDOWS\SYSTEM32\DNSAPI.dll

VM Arguments:
jvm_args: -XX:MaxMetaspaceSize=256m -XX:+HeapDumpOnOutOfMemoryError -Xmx512m -Dfile.encoding=windows-1252 -Duser.country=US -Duser.language=en -Duser.variant 
java_command: org.gradle.launcher.daemon.bootstrap.GradleDaemon 5.1.1
java_class_path (initial): C:\Users\Abbate - FTC 16145\.gradle\wrapper\dists\gradle-5.1.1-all\97z1ksx6lirer3kbvdnh7jtjg\gradle-5.1.1\lib\gradle-launcher-5.1.1.jar
Launcher Type: SUN_STANDARD

Environment Variables:
JAVA_HOME=C:\Program Files\Java\jdk-11.0.2
PATH=C:\Program Files\National Instruments\Shared\OpenVINO\;C:\Program Files (x86)\Yamaha\ProVisionaire Monitoring Service\WebCore\;C:\Program Files (x86)\Common Files\Oracle\Java\javapath;C:\Program Files (x86)\Intel\iCLS Client\;C:\Program Files\Intel\iCLS Client\;C:\Windows\system32;C:\Windows;C:\Windows\System32\Wbem;C:\Windows\System32\WindowsPowerShell\v1.0\;C:\Windows\System32\OpenSSH\;C:\Program Files (x86)\Intel\Intel(R) Management Engine Components\DAL;C:\Program Files\Intel\Intel(R) Management Engine Components\DAL;C:\Program Files (x86)\Intel\Intel(R) Management Engine Components\IPT;C:\Program Files\Intel\Intel(R) Management Engine Components\IPT;C:\Program Files\Git\cmd;C:\Users\Public\frc2019\frccode;C:\Program Files\PuTTY\;C:\WINDOWS\system32;C:\WINDOWS;C:\WINDOWS\System32\Wbem;C:\WINDOWS\System32\WindowsPowerShell\v1.0\;C:\WINDOWS\System32\OpenSSH\;C:\Users\Public\wpilib\2020\frccode;C:\Users\Abbate - FTC 16145\AppData\Local\Microsoft\WindowsApps;
USERNAME=Abbate - FTC 16145
OS=Windows_NT
PROCESSOR_IDENTIFIER=Intel64 Family 6 Model 142 Stepping 10, GenuineIntel



---------------  S Y S T E M  ---------------

OS: Windows 10.0 , 64 bit Build 18362 (10.0.18362.329)

CPU:total 4 (initial active 4) (2 cores per cpu, 2 threads per core) family 6 model 142 stepping 10, cmov, cx8, fxsr, mmx, sse, sse2, sse3, ssse3, sse4.1, sse4.2, popcnt, avx, avx2, aes, clmul, erms, 3dnowpref, lzcnt, ht, tsc, tscinvbit, bmi1, bmi2, adx

Memory: 4k page, physical 8295652k(1186568k free), swap 13199520k(6036k free)

vm_info: OpenJDK 64-Bit Server VM (25.202-b03) for windows-amd64 JRE (1.8.0_202-release-1483-b03), built by "builder" with MS VC++ 10.0 (VS2010)

time: Thu Feb 13 10:03:25 2020
timezone: Eastern Standard Time
elapsed time: 11 seconds (0d 0h 0m 11s)

